SF:lib/app/shared_prefs/token_shared_prefs.dart
DA:8,0
DA:10,0
DA:12,0
DA:15,0
DA:19,0
DA:21,0
DA:22,0
DA:24,0
DA:28,0
DA:29,0
LF:10
LH:0
end_of_record
SF:lib/core/error/failure.dart
DA:6,4
DA:8,0
DA:9,0
DA:13,0
DA:18,4
DA:25,0
DA:31,0
LF:7
LH:2
end_of_record
SF:lib/features/auth/domain/use_case/login_use_case.dart
DA:43,2
DA:48,0
DA:49,0
DA:50,0
DA:51,0
DA:60,1
DA:64,1
DA:67,1
DA:68,3
DA:69,2
DA:70,1
DA:71,2
DA:72,1
DA:73,2
DA:74,5
DA:78,1
LF:16
LH:12
end_of_record
SF:lib/features/auth/domain/entity/auth_entity.dart
DA:10,1
DA:18,1
DA:19,6
LF:3
LH:3
end_of_record
SF:lib/features/auth/domain/use_case/signup_use_case.dart
DA:15,1
DA:24,0
DA:32,0
DA:33,0
DA:39,1
DA:41,1
DA:43,1
DA:44,1
DA:45,1
DA:46,1
DA:47,1
DA:48,1
DA:50,2
LF:13
LH:10
end_of_record
SF:lib/app/constants/api_endpoints.dart
DA:2,0
LF:1
LH:0
end_of_record
SF:lib/features/cart/data/datasources/cart_remote_datasource.dart
DA:17,1
DA:19,1
DA:23,3
DA:24,2
DA:25,2
DA:27,0
DA:29,1
DA:33,1
DA:37,3
DA:38,4
DA:39,0
DA:41,0
DA:45,1
DA:49,3
DA:50,4
DA:51,0
DA:53,0
LF:17
LH:12
end_of_record
SF:lib/features/cart/data/models/add_cart_request.dart
DA:5,1
DA:10,1
DA:11,1
DA:12,1
DA:13,1
DA:17,0
DA:18,0
LF:7
LH:5
end_of_record
SF:lib/features/cart/data/models/cart_request.dart
DA:5,1
DA:10,1
DA:11,1
DA:12,1
DA:13,1
DA:17,0
DA:18,0
LF:7
LH:5
end_of_record
SF:lib/features/cart/data/models/cart_response.dart
DA:6,1
DA:16,2
DA:17,1
DA:18,1
DA:19,2
DA:24,1
DA:32,2
DA:33,2
DA:34,1
DA:35,4
LF:10
LH:10
end_of_record
SF:lib/features/cart/data/models/update_cart_request.dart
DA:5,1
DA:10,1
DA:11,1
DA:12,1
DA:13,1
DA:17,1
DA:18,3
LF:7
LH:7
end_of_record
SF:lib/features/cart/data/repositories/cart_repository_impl.dart
DA:12,1
DA:14,1
DA:16,2
DA:18,1
DA:21,1
DA:23,2
DA:26,0
DA:28,0
LF:8
LH:6
end_of_record
SF:lib/features/cart/domain/entities/cart.dart
DA:10,2
DA:20,1
DA:21,1
DA:22,1
DA:23,1
DA:24,2
DA:25,1
DA:26,1
DA:27,1
DA:28,1
LF:10
LH:10
end_of_record
SF:lib/features/cart/domain/entities/cart_items.dart
DA:7,2
DA:14,0
DA:20,0
DA:21,0
DA:22,0
DA:23,0
DA:24,0
DA:28,1
DA:29,1
DA:30,1
DA:31,2
DA:32,1
DA:33,1
DA:45,2
DA:53,0
DA:60,0
DA:61,0
DA:62,0
DA:63,0
DA:64,0
DA:65,0
DA:69,1
DA:70,1
DA:71,1
DA:72,1
DA:73,1
DA:74,2
DA:75,1
LF:28
LH:15
end_of_record
SF:lib/features/cart/domain/usecases/add_cart.dart
DA:10,1
DA:12,1
DA:15,2
DA:16,1
DA:18,0
LF:5
LH:4
end_of_record
SF:lib/features/cart/domain/usecases/fetch_cart.dart
DA:11,1
DA:13,1
DA:16,2
DA:17,1
DA:19,3
LF:5
LH:5
end_of_record
SF:lib/features/cart/domain/usecases/update_cart.dart
DA:10,1
DA:12,1
DA:15,2
DA:16,1
DA:18,0
LF:5
LH:4
end_of_record
SF:lib/features/cart/presentation/view/cart_page.dart
DA:9,1
DA:11,1
DA:12,1
DA:19,1
DA:21,1
DA:23,2
DA:24,0
DA:27,2
DA:30,1
DA:32,2
DA:33,1
DA:36,1
DA:38,1
DA:39,1
DA:49,1
DA:51,1
DA:52,1
DA:53,1
DA:56,4
DA:58,1
DA:59,2
DA:62,4
DA:63,1
DA:65,1
DA:74,1
DA:76,1
DA:81,1
DA:82,1
DA:83,2
DA:84,0
DA:86,0
DA:88,1
DA:89,2
DA:90,1
DA:92,1
DA:93,1
DA:94,1
DA:95,1
DA:96,4
DA:101,1
DA:102,1
DA:105,1
DA:112,1
DA:113,1
DA:116,1
DA:117,1
DA:118,2
DA:124,1
DA:125,3
LF:49
LH:46
end_of_record
SF:lib/features/cart/presentation/view_model/cart_state.dart
DA:4,1
DA:6,0
DA:7,0
DA:16,1
DA:18,0
DA:19,0
DA:25,1
DA:27,0
DA:28,0
LF:9
LH:3
end_of_record
SF:lib/features/cart/presentation/view_model/cart_cubit.dart
DA:22,0
DA:26,0
DA:28,0
DA:29,0
DA:31,0
DA:32,0
DA:33,0
DA:37,0
DA:38,0
DA:40,0
DA:42,0
DA:43,0
DA:44,0
DA:47,0
DA:50,0
DA:51,0
DA:54,0
DA:56,0
DA:57,0
DA:58,0
DA:61,0
DA:64,0
DA:65,0
DA:67,0
DA:70,0
DA:72,0
DA:73,0
DA:74,0
DA:76,0
DA:79,0
DA:80,0
DA:82,0
DA:84,0
DA:85,0
DA:86,0
DA:87,0
DA:88,0
DA:89,0
DA:90,0
DA:92,0
DA:93,0
DA:94,0
DA:102,0
DA:103,0
DA:106,0
DA:107,0
DA:108,0
DA:110,0
DA:111,0
DA:112,0
DA:115,0
LF:51
LH:0
end_of_record
SF:lib/core/common/snackbar/shake_detector/shake_detector.dart
DA:16,1
DA:23,1
DA:24,3
DA:25,0
DA:26,0
DA:27,0
DA:28,0
DA:30,0
DA:31,0
DA:32,0
DA:34,0
DA:36,0
DA:37,0
DA:39,0
DA:43,0
DA:44,0
DA:47,0
DA:48,0
DA:50,0
DA:51,0
DA:52,0
DA:56,0
DA:57,0
DA:63,1
DA:64,2
LF:25
LH:5
end_of_record
